Spark Command: /usr/bin/java -cp /usr/bin/spark-3.2.1-bin-hadoop3.2/conf/:/usr/bin/spark-3.2.1-bin-hadoop3.2/jars/* -Xmx1g org.apache.spark.deploy.SparkSubmit --class org.apache.spark.sql.hive.thriftserver.HiveThriftServer2 --name Thrift JDBC/ODBC Server spark-internal
========================================
Using Spark's default log4j profile: org/apache/spark/log4j-defaults.properties
22/05/25 12:07:06 INFO HiveThriftServer2: Started daemon with process name: 20@79eb14ae1d9a
22/05/25 12:07:06 INFO SignalUtils: Registering signal handler for TERM
22/05/25 12:07:06 INFO SignalUtils: Registering signal handler for HUP
22/05/25 12:07:06 INFO SignalUtils: Registering signal handler for INT
22/05/25 12:07:06 INFO HiveThriftServer2: Starting SparkContext
22/05/25 12:07:07 INFO HiveConf: Found configuration file null
22/05/25 12:07:08 INFO SparkContext: Running Spark version 3.2.1
22/05/25 12:07:08 WARN NativeCodeLoader: Unable to load native-hadoop library for your platform... using builtin-java classes where applicable
22/05/25 12:07:09 INFO ResourceUtils: ==============================================================
22/05/25 12:07:09 INFO ResourceUtils: No custom resources configured for spark.driver.
22/05/25 12:07:09 INFO ResourceUtils: ==============================================================
22/05/25 12:07:09 INFO SparkContext: Submitted application: Thrift JDBC/ODBC Server
22/05/25 12:07:09 INFO ResourceProfile: Default ResourceProfile created, executor resources: Map(cores -> name: cores, amount: 1, script: , vendor: , memory -> name: memory, amount: 1024, script: , vendor: , offHeap -> name: offHeap, amount: 0, script: , vendor: ), task resources: Map(cpus -> name: cpus, amount: 1.0)
22/05/25 12:07:09 INFO ResourceProfile: Limiting resource is cpu
22/05/25 12:07:09 INFO ResourceProfileManager: Added ResourceProfile id: 0
22/05/25 12:07:09 INFO SecurityManager: Changing view acls to: root
22/05/25 12:07:09 INFO SecurityManager: Changing modify acls to: root
22/05/25 12:07:09 INFO SecurityManager: Changing view acls groups to: 
22/05/25 12:07:09 INFO SecurityManager: Changing modify acls groups to: 
22/05/25 12:07:09 INFO SecurityManager: SecurityManager: authentication disabled; ui acls disabled; users  with view permissions: Set(root); groups with view permissions: Set(); users  with modify permissions: Set(root); groups with modify permissions: Set()
22/05/25 12:07:11 INFO Utils: Successfully started service 'sparkDriver' on port 36007.
22/05/25 12:07:11 INFO SparkEnv: Registering MapOutputTracker
22/05/25 12:07:11 INFO SparkEnv: Registering BlockManagerMaster
22/05/25 12:07:11 INFO BlockManagerMasterEndpoint: Using org.apache.spark.storage.DefaultTopologyMapper for getting topology information
22/05/25 12:07:11 INFO BlockManagerMasterEndpoint: BlockManagerMasterEndpoint up
22/05/25 12:07:11 INFO SparkEnv: Registering BlockManagerMasterHeartbeat
22/05/25 12:07:11 INFO DiskBlockManager: Created local directory at /tmp/blockmgr-32846980-96f6-4613-9352-1b609bc0f682
22/05/25 12:07:11 INFO MemoryStore: MemoryStore started with capacity 366.3 MiB
22/05/25 12:07:11 INFO SparkEnv: Registering OutputCommitCoordinator
