Spark Command: /usr/bin/java -cp /usr/bin/spark-3.2.1-bin-hadoop3.2/conf/:/usr/bin/spark-3.2.1-bin-hadoop3.2/jars/* -Xmx1g org.apache.spark.deploy.SparkSubmit --class org.apache.spark.sql.hive.thriftserver.HiveThriftServer2 --name Thrift JDBC/ODBC Server spark-internal
========================================
Using Spark's default log4j profile: org/apache/spark/log4j-defaults.properties
22/05/24 10:10:18 INFO HiveThriftServer2: Started daemon with process name: 12@4b3060bc3de1
22/05/24 10:10:18 INFO SignalUtils: Registering signal handler for TERM
22/05/24 10:10:18 INFO SignalUtils: Registering signal handler for HUP
22/05/24 10:10:18 INFO SignalUtils: Registering signal handler for INT
22/05/24 10:10:18 INFO HiveThriftServer2: Starting SparkContext
22/05/24 10:10:18 INFO HiveConf: Found configuration file null
22/05/24 10:10:19 INFO SparkContext: Running Spark version 3.2.1
22/05/24 10:10:19 WARN NativeCodeLoader: Unable to load native-hadoop library for your platform... using builtin-java classes where applicable
22/05/24 10:10:19 INFO ResourceUtils: ==============================================================
22/05/24 10:10:19 INFO ResourceUtils: No custom resources configured for spark.driver.
22/05/24 10:10:19 INFO ResourceUtils: ==============================================================
22/05/24 10:10:19 INFO SparkContext: Submitted application: Thrift JDBC/ODBC Server
22/05/24 10:10:19 INFO ResourceProfile: Default ResourceProfile created, executor resources: Map(cores -> name: cores, amount: 1, script: , vendor: , memory -> name: memory, amount: 1024, script: , vendor: , offHeap -> name: offHeap, amount: 0, script: , vendor: ), task resources: Map(cpus -> name: cpus, amount: 1.0)
22/05/24 10:10:19 INFO ResourceProfile: Limiting resource is cpu
22/05/24 10:10:19 INFO ResourceProfileManager: Added ResourceProfile id: 0
22/05/24 10:10:20 INFO SecurityManager: Changing view acls to: root
22/05/24 10:10:20 INFO SecurityManager: Changing modify acls to: root
22/05/24 10:10:20 INFO SecurityManager: Changing view acls groups to: 
22/05/24 10:10:20 INFO SecurityManager: Changing modify acls groups to: 
22/05/24 10:10:20 INFO SecurityManager: SecurityManager: authentication disabled; ui acls disabled; users  with view permissions: Set(root); groups with view permissions: Set(); users  with modify permissions: Set(root); groups with modify permissions: Set()
22/05/24 10:10:21 INFO Utils: Successfully started service 'sparkDriver' on port 43747.
22/05/24 10:10:21 INFO SparkEnv: Registering MapOutputTracker
22/05/24 10:10:21 INFO SparkEnv: Registering BlockManagerMaster
22/05/24 10:10:21 INFO BlockManagerMasterEndpoint: Using org.apache.spark.storage.DefaultTopologyMapper for getting topology information
22/05/24 10:10:21 INFO BlockManagerMasterEndpoint: BlockManagerMasterEndpoint up
22/05/24 10:10:21 INFO SparkEnv: Registering BlockManagerMasterHeartbeat
22/05/24 10:10:21 INFO DiskBlockManager: Created local directory at /tmp/blockmgr-8c1cdc3f-a502-4aab-ab6f-699ee9a29c63
22/05/24 10:10:21 INFO MemoryStore: MemoryStore started with capacity 366.3 MiB
22/05/24 10:10:21 INFO SparkEnv: Registering OutputCommitCoordinator
22/05/24 10:10:22 INFO Utils: Successfully started service 'SparkUI' on port 4040.
22/05/24 10:10:23 INFO SparkUI: Bound SparkUI to 0.0.0.0, and started at http://4b3060bc3de1:4040
22/05/24 10:10:23 INFO Executor: Starting executor ID driver on host 4b3060bc3de1
22/05/24 10:10:23 INFO Utils: Successfully started service 'org.apache.spark.network.netty.NettyBlockTransferService' on port 33399.
22/05/24 10:10:23 INFO NettyBlockTransferService: Server created on 4b3060bc3de1:33399
22/05/24 10:10:23 INFO BlockManager: Using org.apache.spark.storage.RandomBlockReplicationPolicy for block replication policy
22/05/24 10:10:23 INFO BlockManagerMaster: Registering BlockManager BlockManagerId(driver, 4b3060bc3de1, 33399, None)
22/05/24 10:10:23 INFO BlockManagerMasterEndpoint: Registering block manager 4b3060bc3de1:33399 with 366.3 MiB RAM, BlockManagerId(driver, 4b3060bc3de1, 33399, None)
22/05/24 10:10:23 INFO BlockManagerMaster: Registered BlockManager BlockManagerId(driver, 4b3060bc3de1, 33399, None)
22/05/24 10:10:23 INFO BlockManager: Initialized BlockManager: BlockManagerId(driver, 4b3060bc3de1, 33399, None)
22/05/24 10:10:24 INFO SharedState: Setting hive.metastore.warehouse.dir ('null') to the value of spark.sql.warehouse.dir.
22/05/24 10:10:24 INFO SharedState: Warehouse path is 'file:/usr/bin/spark-3.2.1-bin-hadoop3.2/spark-warehouse'.
22/05/24 10:10:25 INFO HiveUtils: Initializing HiveMetastoreConnection version 2.3.9 using Spark classes.
22/05/24 10:10:25 INFO HiveConf: Found configuration file null
22/05/24 10:10:26 INFO HiveClientImpl: Warehouse location for Hive client (version 2.3.9) is file:/usr/bin/spark-3.2.1-bin-hadoop3.2/spark-warehouse
22/05/24 10:10:27 WARN HiveConf: HiveConf of name hive.stats.jdbc.timeout does not exist
22/05/24 10:10:27 WARN HiveConf: HiveConf of name hive.stats.retries.wait does not exist
22/05/24 10:10:27 INFO HiveMetaStore: 0: Opening raw store with implementation class:org.apache.hadoop.hive.metastore.ObjectStore
22/05/24 10:10:27 INFO ObjectStore: ObjectStore, initialize called
22/05/24 10:10:27 INFO Persistence: Property hive.metastore.integral.jdo.pushdown unknown - will be ignored
22/05/24 10:10:27 INFO Persistence: Property datanucleus.cache.level2 unknown - will be ignored
22/05/24 10:10:32 INFO ObjectStore: Setting MetaStore object pin classes with hive.metastore.cache.pinobjtypes="Table,StorageDescriptor,SerDeInfo,Partition,Database,Type,FieldSchema,Order"
22/05/24 10:10:38 INFO MetaStoreDirectSql: Using direct SQL, underlying DB is DERBY
22/05/24 10:10:38 INFO ObjectStore: Initialized ObjectStore
22/05/24 10:10:38 WARN ObjectStore: Version information not found in metastore. hive.metastore.schema.verification is not enabled so recording the schema version 2.3.0
22/05/24 10:10:38 WARN ObjectStore: setMetaStoreSchemaVersion called but recording version is disabled: version = 2.3.0, comment = Set by MetaStore UNKNOWN@192.168.144.7
22/05/24 10:10:38 WARN ObjectStore: Failed to get database default, returning NoSuchObjectException
22/05/24 10:10:38 INFO HiveMetaStore: Added admin role in metastore
22/05/24 10:10:38 INFO HiveMetaStore: Added public role in metastore
22/05/24 10:10:38 INFO HiveMetaStore: No user is added in admin role, since config is empty
22/05/24 10:10:38 INFO HiveMetaStore: 0: get_database: default
22/05/24 10:10:38 INFO audit: ugi=root	ip=unknown-ip-addr	cmd=get_database: default	
22/05/24 10:10:38 INFO HiveUtils: Initializing execution hive, version 2.3.9
22/05/24 10:10:39 INFO HiveClientImpl: Warehouse location for Hive client (version 2.3.9) is file:/usr/bin/spark-3.2.1-bin-hadoop3.2/spark-warehouse
22/05/24 10:10:39 INFO SessionManager: Operation log root directory is created: /tmp/root/operation_logs
22/05/24 10:10:39 INFO SessionManager: HiveServer2: Background operation thread pool size: 100
22/05/24 10:10:39 INFO SessionManager: HiveServer2: Background operation thread wait queue size: 100
22/05/24 10:10:39 INFO SessionManager: HiveServer2: Background operation thread keepalive time: 10 seconds
22/05/24 10:10:39 INFO AbstractService: Service:OperationManager is inited.
22/05/24 10:10:39 INFO AbstractService: Service:SessionManager is inited.
22/05/24 10:10:39 INFO AbstractService: Service: CLIService is inited.
22/05/24 10:10:39 INFO AbstractService: Service:ThriftBinaryCLIService is inited.
22/05/24 10:10:39 INFO AbstractService: Service: HiveServer2 is inited.
22/05/24 10:10:39 INFO AbstractService: Service:OperationManager is started.
22/05/24 10:10:39 INFO AbstractService: Service:SessionManager is started.
22/05/24 10:10:39 INFO AbstractService: Service: CLIService is started.
22/05/24 10:10:39 INFO AbstractService: Service:ThriftBinaryCLIService is started.
22/05/24 10:10:39 INFO ThriftCLIService: Starting ThriftBinaryCLIService on port 10000 with 5...500 worker threads
22/05/24 10:10:39 INFO AbstractService: Service:HiveServer2 is started.
22/05/24 10:10:39 INFO HiveThriftServer2: HiveThriftServer2 started
